C:\USERS\BRIAN-HOME\DROPBOX\LIB_SOURCE_CODE\VS\SCOWER.CPP\SCOWER.CPP\DEBUG\MAIN.OBJ
C:\USERS\BRIAN-HOME\DROPBOX\LIB_SOURCE_CODE\VS\SCOWER.CPP\SCOWER.CPP\DEBUG\WCANALYSIS.OBJ
C:\USERS\BRIAN-HOME\DROPBOX\LIB_SOURCE_CODE\VS\SCOWER.CPP\SCOWER.CPP\DEBUG\WCANN.OBJ
C:\USERS\BRIAN-HOME\DROPBOX\LIB_SOURCE_CODE\VS\SCOWER.CPP\SCOWER.CPP\DEBUG\WCCACHE.OBJ
C:\USERS\BRIAN-HOME\DROPBOX\LIB_SOURCE_CODE\VS\SCOWER.CPP\SCOWER.CPP\DEBUG\WCGLOBAL.OBJ
C:\USERS\BRIAN-HOME\DROPBOX\LIB_SOURCE_CODE\VS\SCOWER.CPP\SCOWER.CPP\DEBUG\WCGRAPH.OBJ
C:\USERS\BRIAN-HOME\DROPBOX\LIB_SOURCE_CODE\VS\SCOWER.CPP\SCOWER.CPP\DEBUG\WCMATH.OBJ
C:\USERS\BRIAN-HOME\DROPBOX\LIB_SOURCE_CODE\VS\SCOWER.CPP\SCOWER.CPP\DEBUG\WCSESSION.OBJ
C:\USERS\BRIAN-HOME\DROPBOX\LIB_SOURCE_CODE\VS\SCOWER.CPP\SCOWER.CPP\DEBUG\WCTAG.OBJ
C:\USERS\BRIAN-HOME\DROPBOX\LIB_SOURCE_CODE\VS\SCOWER.CPP\SCOWER.CPP\DEBUG\WCTYPES.OBJ
C:\USERS\BRIAN-HOME\DROPBOX\LIB_SOURCE_CODE\VS\SCOWER.CPP\SCOWER.CPP\DEBUG\VC110.PDB
C:\USERS\BRIAN-HOME\DROPBOX\LIB_SOURCE_CODE\VS\SCOWER.CPP\DEBUG\XMLBOT.ILK
C:\USERS\BRIAN-HOME\DROPBOX\LIB_SOURCE_CODE\VS\SCOWER.CPP\DEBUG\XMLBOT.EXE
C:\USERS\BRIAN-HOME\DROPBOX\LIB_SOURCE_CODE\VS\SCOWER.CPP\DEBUG\XMLBOT.PDB
C:\Users\Brian-Home\Dropbox\lib_source_code\vs\scower.cpp\scower.cpp\Debug\main.obj
C:\Users\Brian-Home\Dropbox\lib_source_code\vs\scower.cpp\scower.cpp\Debug\wcAnalysis.obj
C:\Users\Brian-Home\Dropbox\lib_source_code\vs\scower.cpp\scower.cpp\Debug\wcANN.obj
C:\Users\Brian-Home\Dropbox\lib_source_code\vs\scower.cpp\scower.cpp\Debug\wcCache.obj
C:\Users\Brian-Home\Dropbox\lib_source_code\vs\scower.cpp\scower.cpp\Debug\wcGlobal.obj
C:\Users\Brian-Home\Dropbox\lib_source_code\vs\scower.cpp\scower.cpp\Debug\wcGraph.obj
C:\Users\Brian-Home\Dropbox\lib_source_code\vs\scower.cpp\scower.cpp\Debug\wcMath.obj
C:\Users\Brian-Home\Dropbox\lib_source_code\vs\scower.cpp\scower.cpp\Debug\wcSession.obj
C:\Users\Brian-Home\Dropbox\lib_source_code\vs\scower.cpp\scower.cpp\Debug\wcTag.obj
C:\Users\Brian-Home\Dropbox\lib_source_code\vs\scower.cpp\scower.cpp\Debug\wcTypes.obj
C:\Users\Brian-Home\Dropbox\lib_source_code\vs\scower.cpp\scower.cpp\Debug\cl.command.1.tlog
C:\Users\Brian-Home\Dropbox\lib_source_code\vs\scower.cpp\scower.cpp\Debug\CL.read.1.tlog
C:\Users\Brian-Home\Dropbox\lib_source_code\vs\scower.cpp\scower.cpp\Debug\CL.write.1.tlog
C:\Users\Brian-Home\Dropbox\lib_source_code\vs\scower.cpp\scower.cpp\Debug\link-cvtres.read.1.tlog
C:\Users\Brian-Home\Dropbox\lib_source_code\vs\scower.cpp\scower.cpp\Debug\link-cvtres.write.1.tlog
C:\Users\Brian-Home\Dropbox\lib_source_code\vs\scower.cpp\scower.cpp\Debug\link-rc.read.1.tlog
C:\Users\Brian-Home\Dropbox\lib_source_code\vs\scower.cpp\scower.cpp\Debug\link-rc.write.1.tlog
C:\Users\Brian-Home\Dropbox\lib_source_code\vs\scower.cpp\scower.cpp\Debug\link.command.1.tlog
C:\Users\Brian-Home\Dropbox\lib_source_code\vs\scower.cpp\scower.cpp\Debug\link.read.1.tlog
C:\Users\Brian-Home\Dropbox\lib_source_code\vs\scower.cpp\scower.cpp\Debug\link.write.1.tlog
C:\Users\Brian-Home\Dropbox\lib_source_code\vs\scower.cpp\scower.cpp\Debug\vc110.idb
C:\Users\Brian-Home\Dropbox\lib_source_code\vs\scower.cpp\scower.cpp\Debug\vc110.pdb
C:\Users\Brian-Home\Dropbox\lib_source_code\vs\scower.cpp\Debug\xmlbot.pdb
C:\Users\Brian-Home\Dropbox\lib_source_code\vs\scower.cpp\Debug\xmlbot.exe
C:\Users\Brian-Home\Dropbox\lib_source_code\vs\scower.cpp\Debug\xmlbot.ilk
